\BOOKMARK [1][-]{section.1}{Estado del arte}{}% 1
\BOOKMARK [2][-]{subsection.1.1}{Distributed Multirobot Exploration Based on Scene Partitioning and Frontier Selection}{section.1}% 2
\BOOKMARK [3][-]{subsubsection.1.1.1}{Resumen}{subsection.1.1}% 3
\BOOKMARK [3][-]{subsubsection.1.1.2}{Notas generales}{subsection.1.1}% 4
\BOOKMARK [3][-]{subsubsection.1.1.3}{Notas por secci\363n}{subsection.1.1}% 5
\BOOKMARK [3][-]{subsubsection.1.1.4}{Ideas}{subsection.1.1}% 6
\BOOKMARK [2][-]{subsection.1.2}{Incremental contour-based topological segmentation for robot exploration}{section.1}% 7
\BOOKMARK [3][-]{subsubsection.1.2.1}{Resumen}{subsection.1.2}% 8
\BOOKMARK [3][-]{subsubsection.1.2.2}{Notas generales}{subsection.1.2}% 9
\BOOKMARK [2][-]{subsection.1.3}{Coordinated Multi-Robot Exploration:Out of the Box Packages for ROS}{section.1}% 10
\BOOKMARK [3][-]{subsubsection.1.3.1}{Resumen}{subsection.1.3}% 11
\BOOKMARK [3][-]{subsubsection.1.3.2}{Notas}{subsection.1.3}% 12
\BOOKMARK [3][-]{subsubsection.1.3.3}{Definiciones}{subsection.1.3}% 13
\BOOKMARK [3][-]{subsubsection.1.3.4}{Ideas}{subsection.1.3}% 14
\BOOKMARK [2][-]{subsection.1.4}{Distributed matroid - constrained submodular maximization for multi - robot exploration: theory and practice}{section.1}% 15
\BOOKMARK [3][-]{subsubsection.1.4.1}{Resumen}{subsection.1.4}% 16
\BOOKMARK [3][-]{subsubsection.1.4.2}{Notas}{subsection.1.4}% 17
\BOOKMARK [2][-]{subsection.1.5}{Communication - Efficient Planning and Mapping for Multi - Robot Exploration in Large Environments}{section.1}% 18
\BOOKMARK [3][-]{subsubsection.1.5.1}{Resumen}{subsection.1.5}% 19
\BOOKMARK [3][-]{subsubsection.1.5.2}{Notas}{subsection.1.5}% 20
\BOOKMARK [2][-]{subsection.1.6}{Learning to Cooperate via an Attention-Based Communication Neural Network in Decentralized Multi-Robot Exploration}{section.1}% 21
\BOOKMARK [3][-]{subsubsection.1.6.1}{Resumen}{subsection.1.6}% 22
\BOOKMARK [3][-]{subsubsection.1.6.2}{Notas}{subsection.1.6}% 23
\BOOKMARK [1][-]{section.2}{Simuladores}{}% 24
\BOOKMARK [2][-]{subsection.2.1}{Caracter\355sticas}{section.2}% 25
\BOOKMARK [2][-]{subsection.2.2}{Algunos art\355culos que comparan simuladores}{section.2}% 26
\BOOKMARK [3][-]{subsubsection.2.2.1}{Analysis and Comparison of Robotics 3D Simulators}{subsection.2.2}% 27
\BOOKMARK [3][-]{subsubsection.2.2.2}{Feature and Performance Comparison of the V-REP, Gazebo and ARGoS Robot Simulators \(2\)}{subsection.2.2}% 28
\BOOKMARK [3][-]{subsubsection.2.2.3}{Comparative Analysis Between Gazebo and V-REP Robotic Simulators}{subsection.2.2}% 29
\BOOKMARK [3][-]{subsubsection.2.2.4}{An Overview of Simulation Software for Non-Experts to Perform Multi-Robot Experiments \(4\)}{subsection.2.2}% 30
\BOOKMARK [3][-]{subsubsection.2.2.5}{Comparando engines de f\355sicas}{subsection.2.2}% 31
\BOOKMARK [2][-]{subsection.2.3}{Conclusiones parciales}{section.2}% 32
\BOOKMARK [2][-]{subsection.2.4}{Benchmark}{section.2}% 33
\BOOKMARK [3][-]{subsubsection.2.4.1}{Proceso}{subsection.2.4}% 34
\BOOKMARK [3][-]{subsubsection.2.4.2}{Juicio sobre implementaci\363n}{subsection.2.4}% 35
\BOOKMARK [3][-]{subsubsection.2.4.3}{Adaptando la velocidad}{subsection.2.4}% 36
\BOOKMARK [3][-]{subsubsection.2.4.4}{Obteniendo pose}{subsection.2.4}% 37
\BOOKMARK [3][-]{subsubsection.2.4.5}{rviz}{subsection.2.4}% 38
